<?xml version="1.0" encoding="UTF-8"?>
<testsuite xmlns:xsi="http://www.w3.org/2001/XMLSchema-instance" xsi:noNamespaceSchemaLocation="https://maven.apache.org/surefire/maven-surefire-plugin/xsd/surefire-test-report.xsd" name="br.udesc.SignUpTest" time="0.002" tests="1" errors="0" skipped="0" failures="0">
  <properties>
    <property name="sun.desktop" value="windows"/>
    <property name="awt.toolkit" value="sun.awt.windows.WToolkit"/>
    <property name="java.specification.version" value="11"/>
    <property name="sun.cpu.isalist" value="amd64"/>
    <property name="sun.jnu.encoding" value="Cp1252"/>
    <property name="java.class.path" value="c:\Users\Luis\Documents\Faculdade\2022\22-02\DSD\Uno\trabalho-final-65dsd\uno-backend\target\test-classes;c:\Users\Luis\Documents\Faculdade\2022\22-02\DSD\Uno\trabalho-final-65dsd\uno-backend\target\classes;C:\Users\Luis\.m2\repository\junit\junit\4.11\junit-4.11.jar;C:\Users\Luis\.m2\repository\org\hamcrest\hamcrest-core\1.3\hamcrest-core-1.3.jar;C:\Users\Luis\.m2\repository\com\google\code\gson\gson\2.10\gson-2.10.jar;C:\Users\Luis\.m2\repository\com\google\guava\guava\31.1-jre\guava-31.1-jre.jar;C:\Users\Luis\.m2\repository\com\google\guava\failureaccess\1.0.1\failureaccess-1.0.1.jar;C:\Users\Luis\.m2\repository\com\google\guava\listenablefuture\9999.0-empty-to-avoid-conflict-with-guava\listenablefuture-9999.0-empty-to-avoid-conflict-with-guava.jar;C:\Users\Luis\.m2\repository\com\google\code\findbugs\jsr305\3.0.2\jsr305-3.0.2.jar;C:\Users\Luis\.m2\repository\org\checkerframework\checker-qual\3.12.0\checker-qual-3.12.0.jar;C:\Users\Luis\.m2\repository\com\google\errorprone\error_prone_annotations\2.11.0\error_prone_annotations-2.11.0.jar;C:\Users\Luis\.m2\repository\com\google\j2objc\j2objc-annotations\1.3\j2objc-annotations-1.3.jar;C:\Users\Luis\.m2\repository\org\awaitility\awaitility\4.2.0\awaitility-4.2.0.jar;C:\Users\Luis\.m2\repository\org\hamcrest\hamcrest\2.1\hamcrest-2.1.jar;C:\Users\Luis\.m2\repository\com\google\firebase\firebase-admin\5.8.0\firebase-admin-5.8.0.jar;C:\Users\Luis\.m2\repository\com\google\api-client\google-api-client\1.22.0\google-api-client-1.22.0.jar;C:\Users\Luis\.m2\repository\com\google\oauth-client\google-oauth-client\1.22.0\google-oauth-client-1.22.0.jar;C:\Users\Luis\.m2\repository\com\google\http-client\google-http-client-jackson2\1.22.0\google-http-client-jackson2-1.22.0.jar;C:\Users\Luis\.m2\repository\com\fasterxml\jackson\core\jackson-core\2.1.3\jackson-core-2.1.3.jar;C:\Users\Luis\.m2\repository\com\google\api-client\google-api-client-gson\1.22.0\google-api-client-gson-1.22.0.jar;C:\Users\Luis\.m2\repository\com\google\http-client\google-http-client-gson\1.22.0\google-http-client-gson-1.22.0.jar;C:\Users\Luis\.m2\repository\com\google\http-client\google-http-client\1.22.0\google-http-client-1.22.0.jar;C:\Users\Luis\.m2\repository\org\apache\httpcomponents\httpclient\4.0.1\httpclient-4.0.1.jar;C:\Users\Luis\.m2\repository\org\apache\httpcomponents\httpcore\4.0.1\httpcore-4.0.1.jar;C:\Users\Luis\.m2\repository\commons-logging\commons-logging\1.1.1\commons-logging-1.1.1.jar;C:\Users\Luis\.m2\repository\commons-codec\commons-codec\1.3\commons-codec-1.3.jar;C:\Users\Luis\.m2\repository\com\google\api\api-common\1.2.0\api-common-1.2.0.jar;C:\Users\Luis\.m2\repository\com\google\auth\google-auth-library-oauth2-http\0.8.0\google-auth-library-oauth2-http-0.8.0.jar;C:\Users\Luis\.m2\repository\com\google\auth\google-auth-library-credentials\0.8.0\google-auth-library-credentials-0.8.0.jar;C:\Users\Luis\.m2\repository\com\google\cloud\google-cloud-storage\1.7.0\google-cloud-storage-1.7.0.jar;C:\Users\Luis\.m2\repository\com\google\cloud\google-cloud-firestore\0.25.0-beta\google-cloud-firestore-0.25.0-beta.jar;C:\Users\Luis\.m2\repository\io\netty\netty-tcnative-boringssl-static\2.0.3.Final\netty-tcnative-boringssl-static-2.0.3.Final.jar;C:\Users\Luis\.m2\repository\com\google\cloud\google-cloud-core\1.7.0\google-cloud-core-1.7.0.jar;C:\Users\Luis\.m2\repository\joda-time\joda-time\2.9.2\joda-time-2.9.2.jar;C:\Users\Luis\.m2\repository\com\google\api\gax\1.8.1\gax-1.8.1.jar;C:\Users\Luis\.m2\repository\com\google\protobuf\protobuf-java-util\3.3.1\protobuf-java-util-3.3.1.jar;C:\Users\Luis\.m2\repository\com\google\api\grpc\proto-google-common-protos\0.1.20\proto-google-common-protos-0.1.20.jar;C:\Users\Luis\.m2\repository\com\google\api\grpc\proto-google-iam-v1\0.1.20\proto-google-iam-v1-0.1.20.jar;C:\Users\Luis\.m2\repository\com\google\cloud\google-cloud-core-grpc\1.7.0\google-cloud-core-grpc-1.7.0.jar;C:\Users\Luis\.m2\repository\com\google\protobuf\protobuf-java\3.3.1\protobuf-java-3.3.1.jar;C:\Users\Luis\.m2\repository\io\grpc\grpc-protobuf\1.6.1\grpc-protobuf-1.6.1.jar;C:\Users\Luis\.m2\repository\io\grpc\grpc-protobuf-lite\1.6.1\grpc-protobuf-lite-1.6.1.jar;C:\Users\Luis\.m2\repository\io\grpc\grpc-context\1.6.1\grpc-context-1.6.1.jar;C:\Users\Luis\.m2\repository\com\google\api\gax-grpc\0.25.1\gax-grpc-0.25.1.jar;C:\Users\Luis\.m2\repository\com\google\auto\value\auto-value\1.2\auto-value-1.2.jar;C:\Users\Luis\.m2\repository\org\threeten\threetenbp\1.3.3\threetenbp-1.3.3.jar;C:\Users\Luis\.m2\repository\com\google\cloud\google-cloud-core-http\1.7.0\google-cloud-core-http-1.7.0.jar;C:\Users\Luis\.m2\repository\com\google\http-client\google-http-client-appengine\1.22.0\google-http-client-appengine-1.22.0.jar;C:\Users\Luis\.m2\repository\com\google\http-client\google-http-client-jackson\1.22.0\google-http-client-jackson-1.22.0.jar;C:\Users\Luis\.m2\repository\org\codehaus\jackson\jackson-core-asl\1.9.11\jackson-core-asl-1.9.11.jar;C:\Users\Luis\.m2\repository\com\google\api\grpc\proto-google-cloud-firestore-v1beta1\0.1.20\proto-google-cloud-firestore-v1beta1-0.1.20.jar;C:\Users\Luis\.m2\repository\io\grpc\grpc-netty\1.6.1\grpc-netty-1.6.1.jar;C:\Users\Luis\.m2\repository\io\grpc\grpc-core\1.6.1\grpc-core-1.6.1.jar;C:\Users\Luis\.m2\repository\com\google\instrumentation\instrumentation-api\0.4.3\instrumentation-api-0.4.3.jar;C:\Users\Luis\.m2\repository\io\opencensus\opencensus-api\0.5.1\opencensus-api-0.5.1.jar;C:\Users\Luis\.m2\repository\io\netty\netty-codec-http2\4.1.14.Final\netty-codec-http2-4.1.14.Final.jar;C:\Users\Luis\.m2\repository\io\netty\netty-handler-proxy\4.1.14.Final\netty-handler-proxy-4.1.14.Final.jar;C:\Users\Luis\.m2\repository\io\netty\netty-codec-socks\4.1.14.Final\netty-codec-socks-4.1.14.Final.jar;C:\Users\Luis\.m2\repository\io\grpc\grpc-stub\1.6.1\grpc-stub-1.6.1.jar;C:\Users\Luis\.m2\repository\io\grpc\grpc-auth\1.6.1\grpc-auth-1.6.1.jar;C:\Users\Luis\.m2\repository\org\json\json\20160810\json-20160810.jar;C:\Users\Luis\.m2\repository\org\slf4j\slf4j-api\1.7.25\slf4j-api-1.7.25.jar;C:\Users\Luis\.m2\repository\io\netty\netty-codec-http\4.1.14.Final\netty-codec-http-4.1.14.Final.jar;C:\Users\Luis\.m2\repository\io\netty\netty-codec\4.1.14.Final\netty-codec-4.1.14.Final.jar;C:\Users\Luis\.m2\repository\io\netty\netty-handler\4.1.14.Final\netty-handler-4.1.14.Final.jar;C:\Users\Luis\.m2\repository\io\netty\netty-buffer\4.1.14.Final\netty-buffer-4.1.14.Final.jar;C:\Users\Luis\.m2\repository\io\netty\netty-common\4.1.14.Final\netty-common-4.1.14.Final.jar;C:\Users\Luis\.m2\repository\io\netty\netty-transport\4.1.14.Final\netty-transport-4.1.14.Final.jar;C:\Users\Luis\.m2\repository\io\netty\netty-resolver\4.1.14.Final\netty-resolver-4.1.14.Final.jar;"/>
    <property name="java.vm.vendor" value="Eclipse Adoptium"/>
    <property name="sun.arch.data.model" value="64"/>
    <property name="user.variant" value=""/>
    <property name="java.vendor.url" value="https://adoptium.net/"/>
    <property name="user.timezone" value="America/Sao_Paulo"/>
    <property name="java.vm.specification.version" value="11"/>
    <property name="os.name" value="Windows 11"/>
    <property name="sun.java.launcher" value="SUN_STANDARD"/>
    <property name="user.country" value="BR"/>
    <property name="sun.boot.library.path" value="C:\Program Files\Eclipse Adoptium\jdk-11.0.16.101-hotspot\bin"/>
    <property name="sun.java.command" value="C:\Users\Luis\AppData\Local\Temp\surefire4606084445529422887\surefirebooter16424149715561951134.jar C:\Users\Luis\AppData\Local\Temp\surefire4606084445529422887 2022-12-11T00-18-14_497-jvmRun1 surefire17919280372998958954tmp surefire_05700817643787153709tmp"/>
    <property name="jdk.debug" value="release"/>
    <property name="surefire.test.class.path" value="c:\Users\Luis\Documents\Faculdade\2022\22-02\DSD\Uno\trabalho-final-65dsd\uno-backend\target\test-classes;c:\Users\Luis\Documents\Faculdade\2022\22-02\DSD\Uno\trabalho-final-65dsd\uno-backend\target\classes;C:\Users\Luis\.m2\repository\junit\junit\4.11\junit-4.11.jar;C:\Users\Luis\.m2\repository\org\hamcrest\hamcrest-core\1.3\hamcrest-core-1.3.jar;C:\Users\Luis\.m2\repository\com\google\code\gson\gson\2.10\gson-2.10.jar;C:\Users\Luis\.m2\repository\com\google\guava\guava\31.1-jre\guava-31.1-jre.jar;C:\Users\Luis\.m2\repository\com\google\guava\failureaccess\1.0.1\failureaccess-1.0.1.jar;C:\Users\Luis\.m2\repository\com\google\guava\listenablefuture\9999.0-empty-to-avoid-conflict-with-guava\listenablefuture-9999.0-empty-to-avoid-conflict-with-guava.jar;C:\Users\Luis\.m2\repository\com\google\code\findbugs\jsr305\3.0.2\jsr305-3.0.2.jar;C:\Users\Luis\.m2\repository\org\checkerframework\checker-qual\3.12.0\checker-qual-3.12.0.jar;C:\Users\Luis\.m2\repository\com\google\errorprone\error_prone_annotations\2.11.0\error_prone_annotations-2.11.0.jar;C:\Users\Luis\.m2\repository\com\google\j2objc\j2objc-annotations\1.3\j2objc-annotations-1.3.jar;C:\Users\Luis\.m2\repository\org\awaitility\awaitility\4.2.0\awaitility-4.2.0.jar;C:\Users\Luis\.m2\repository\org\hamcrest\hamcrest\2.1\hamcrest-2.1.jar;C:\Users\Luis\.m2\repository\com\google\firebase\firebase-admin\5.8.0\firebase-admin-5.8.0.jar;C:\Users\Luis\.m2\repository\com\google\api-client\google-api-client\1.22.0\google-api-client-1.22.0.jar;C:\Users\Luis\.m2\repository\com\google\oauth-client\google-oauth-client\1.22.0\google-oauth-client-1.22.0.jar;C:\Users\Luis\.m2\repository\com\google\http-client\google-http-client-jackson2\1.22.0\google-http-client-jackson2-1.22.0.jar;C:\Users\Luis\.m2\repository\com\fasterxml\jackson\core\jackson-core\2.1.3\jackson-core-2.1.3.jar;C:\Users\Luis\.m2\repository\com\google\api-client\google-api-client-gson\1.22.0\google-api-client-gson-1.22.0.jar;C:\Users\Luis\.m2\repository\com\google\http-client\google-http-client-gson\1.22.0\google-http-client-gson-1.22.0.jar;C:\Users\Luis\.m2\repository\com\google\http-client\google-http-client\1.22.0\google-http-client-1.22.0.jar;C:\Users\Luis\.m2\repository\org\apache\httpcomponents\httpclient\4.0.1\httpclient-4.0.1.jar;C:\Users\Luis\.m2\repository\org\apache\httpcomponents\httpcore\4.0.1\httpcore-4.0.1.jar;C:\Users\Luis\.m2\repository\commons-logging\commons-logging\1.1.1\commons-logging-1.1.1.jar;C:\Users\Luis\.m2\repository\commons-codec\commons-codec\1.3\commons-codec-1.3.jar;C:\Users\Luis\.m2\repository\com\google\api\api-common\1.2.0\api-common-1.2.0.jar;C:\Users\Luis\.m2\repository\com\google\auth\google-auth-library-oauth2-http\0.8.0\google-auth-library-oauth2-http-0.8.0.jar;C:\Users\Luis\.m2\repository\com\google\auth\google-auth-library-credentials\0.8.0\google-auth-library-credentials-0.8.0.jar;C:\Users\Luis\.m2\repository\com\google\cloud\google-cloud-storage\1.7.0\google-cloud-storage-1.7.0.jar;C:\Users\Luis\.m2\repository\com\google\cloud\google-cloud-firestore\0.25.0-beta\google-cloud-firestore-0.25.0-beta.jar;C:\Users\Luis\.m2\repository\io\netty\netty-tcnative-boringssl-static\2.0.3.Final\netty-tcnative-boringssl-static-2.0.3.Final.jar;C:\Users\Luis\.m2\repository\com\google\cloud\google-cloud-core\1.7.0\google-cloud-core-1.7.0.jar;C:\Users\Luis\.m2\repository\joda-time\joda-time\2.9.2\joda-time-2.9.2.jar;C:\Users\Luis\.m2\repository\com\google\api\gax\1.8.1\gax-1.8.1.jar;C:\Users\Luis\.m2\repository\com\google\protobuf\protobuf-java-util\3.3.1\protobuf-java-util-3.3.1.jar;C:\Users\Luis\.m2\repository\com\google\api\grpc\proto-google-common-protos\0.1.20\proto-google-common-protos-0.1.20.jar;C:\Users\Luis\.m2\repository\com\google\api\grpc\proto-google-iam-v1\0.1.20\proto-google-iam-v1-0.1.20.jar;C:\Users\Luis\.m2\repository\com\google\cloud\google-cloud-core-grpc\1.7.0\google-cloud-core-grpc-1.7.0.jar;C:\Users\Luis\.m2\repository\com\google\protobuf\protobuf-java\3.3.1\protobuf-java-3.3.1.jar;C:\Users\Luis\.m2\repository\io\grpc\grpc-protobuf\1.6.1\grpc-protobuf-1.6.1.jar;C:\Users\Luis\.m2\repository\io\grpc\grpc-protobuf-lite\1.6.1\grpc-protobuf-lite-1.6.1.jar;C:\Users\Luis\.m2\repository\io\grpc\grpc-context\1.6.1\grpc-context-1.6.1.jar;C:\Users\Luis\.m2\repository\com\google\api\gax-grpc\0.25.1\gax-grpc-0.25.1.jar;C:\Users\Luis\.m2\repository\com\google\auto\value\auto-value\1.2\auto-value-1.2.jar;C:\Users\Luis\.m2\repository\org\threeten\threetenbp\1.3.3\threetenbp-1.3.3.jar;C:\Users\Luis\.m2\repository\com\google\cloud\google-cloud-core-http\1.7.0\google-cloud-core-http-1.7.0.jar;C:\Users\Luis\.m2\repository\com\google\http-client\google-http-client-appengine\1.22.0\google-http-client-appengine-1.22.0.jar;C:\Users\Luis\.m2\repository\com\google\http-client\google-http-client-jackson\1.22.0\google-http-client-jackson-1.22.0.jar;C:\Users\Luis\.m2\repository\org\codehaus\jackson\jackson-core-asl\1.9.11\jackson-core-asl-1.9.11.jar;C:\Users\Luis\.m2\repository\com\google\api\grpc\proto-google-cloud-firestore-v1beta1\0.1.20\proto-google-cloud-firestore-v1beta1-0.1.20.jar;C:\Users\Luis\.m2\repository\io\grpc\grpc-netty\1.6.1\grpc-netty-1.6.1.jar;C:\Users\Luis\.m2\repository\io\grpc\grpc-core\1.6.1\grpc-core-1.6.1.jar;C:\Users\Luis\.m2\repository\com\google\instrumentation\instrumentation-api\0.4.3\instrumentation-api-0.4.3.jar;C:\Users\Luis\.m2\repository\io\opencensus\opencensus-api\0.5.1\opencensus-api-0.5.1.jar;C:\Users\Luis\.m2\repository\io\netty\netty-codec-http2\4.1.14.Final\netty-codec-http2-4.1.14.Final.jar;C:\Users\Luis\.m2\repository\io\netty\netty-handler-proxy\4.1.14.Final\netty-handler-proxy-4.1.14.Final.jar;C:\Users\Luis\.m2\repository\io\netty\netty-codec-socks\4.1.14.Final\netty-codec-socks-4.1.14.Final.jar;C:\Users\Luis\.m2\repository\io\grpc\grpc-stub\1.6.1\grpc-stub-1.6.1.jar;C:\Users\Luis\.m2\repository\io\grpc\grpc-auth\1.6.1\grpc-auth-1.6.1.jar;C:\Users\Luis\.m2\repository\org\json\json\20160810\json-20160810.jar;C:\Users\Luis\.m2\repository\org\slf4j\slf4j-api\1.7.25\slf4j-api-1.7.25.jar;C:\Users\Luis\.m2\repository\io\netty\netty-codec-http\4.1.14.Final\netty-codec-http-4.1.14.Final.jar;C:\Users\Luis\.m2\repository\io\netty\netty-codec\4.1.14.Final\netty-codec-4.1.14.Final.jar;C:\Users\Luis\.m2\repository\io\netty\netty-handler\4.1.14.Final\netty-handler-4.1.14.Final.jar;C:\Users\Luis\.m2\repository\io\netty\netty-buffer\4.1.14.Final\netty-buffer-4.1.14.Final.jar;C:\Users\Luis\.m2\repository\io\netty\netty-common\4.1.14.Final\netty-common-4.1.14.Final.jar;C:\Users\Luis\.m2\repository\io\netty\netty-transport\4.1.14.Final\netty-transport-4.1.14.Final.jar;C:\Users\Luis\.m2\repository\io\netty\netty-resolver\4.1.14.Final\netty-resolver-4.1.14.Final.jar;"/>
    <property name="sun.cpu.endian" value="little"/>
    <property name="user.home" value="C:\Users\Luis"/>
    <property name="user.language" value="pt"/>
    <property name="java.specification.vendor" value="Oracle Corporation"/>
    <property name="java.version.date" value="2022-08-12"/>
    <property name="java.home" value="C:\Program Files\Eclipse Adoptium\jdk-11.0.16.101-hotspot"/>
    <property name="file.separator" value="\"/>
    <property name="basedir" value="c:\Users\Luis\Documents\Faculdade\2022\22-02\DSD\Uno\trabalho-final-65dsd\uno-backend"/>
    <property name="java.vm.compressedOopsMode" value="Zero based"/>
    <property name="line.separator" value="&#10;"/>
    <property name="java.specification.name" value="Java Platform API Specification"/>
    <property name="java.vm.specification.vendor" value="Oracle Corporation"/>
    <property name="java.awt.graphicsenv" value="sun.awt.Win32GraphicsEnvironment"/>
    <property name="surefire.real.class.path" value="C:\Users\Luis\AppData\Local\Temp\surefire4606084445529422887\surefirebooter16424149715561951134.jar"/>
    <property name="user.script" value=""/>
    <property name="sun.management.compiler" value="HotSpot 64-Bit Tiered Compilers"/>
    <property name="java.runtime.version" value="11.0.16.1+1"/>
    <property name="user.name" value="Luis"/>
    <property name="path.separator" value=";"/>
    <property name="os.version" value="10.0"/>
    <property name="java.runtime.name" value="OpenJDK Runtime Environment"/>
    <property name="file.encoding" value="Cp1252"/>
    <property name="java.vm.name" value="OpenJDK 64-Bit Server VM"/>
    <property name="java.vendor.version" value="Temurin-11.0.16.1+1"/>
    <property name="localRepository" value="C:\Users\Luis\.m2\repository"/>
    <property name="java.vendor.url.bug" value="https://github.com/adoptium/adoptium-support/issues"/>
    <property name="java.io.tmpdir" value="C:\Users\Luis\AppData\Local\Temp\"/>
    <property name="java.version" value="11.0.16.1"/>
    <property name="user.dir" value="c:\Users\Luis\Documents\Faculdade\2022\22-02\DSD\Uno\trabalho-final-65dsd\uno-backend"/>
    <property name="os.arch" value="amd64"/>
    <property name="java.vm.specification.name" value="Java Virtual Machine Specification"/>
    <property name="java.awt.printerjob" value="sun.awt.windows.WPrinterJob"/>
    <property name="sun.os.patch.level" value=""/>
    <property name="java.library.path" value="C:\Program Files\Eclipse Adoptium\jdk-11.0.16.101-hotspot\bin;C:\WINDOWS\Sun\Java\bin;C:\WINDOWS\system32;C:\WINDOWS;C:\Program Files\Eclipse Adoptium\jdk-11.0.16.101-hotspot\bin;C:\Program Files\Common Files\Oracle\Java\javapath;C:\Windows\system32;C:\Windows;C:\Windows\System32\Wbem;C:\Windows\System32\WindowsPowerShell\v1.0\;C:\Windows\System32\OpenSSH\;C:\Program Files (x86)\NVIDIA Corporation\PhysX\Common;C:\Program Files\Microsoft VS Code\bin;C:\Program Files\Git\cmd;C:\Program Files (x86)\dotnet\;C:\ProgramData\chocolatey\bin;C:\Program Files\nodejs\;%SystemRoot%\system32;%SystemRoot%;%SystemRoot%\System32\Wbem;%SYSTEMROOT%\System32\WindowsPowerShell\v1.0\;%SYSTEMROOT%\System32\OpenSSH\;C:\Users\Luis\AppData\Local\Microsoft\WindowsApps;C:\Maven\bin;C:\Users\Luis\AppData\Local\Programs\Python\Python310;C:\Users\Luis\AppData\Roaming\npm;C:\Users\Luis\AppData\Local\Android\Sdk\platform-tools;;."/>
    <property name="java.vm.info" value="mixed mode"/>
    <property name="java.vendor" value="Eclipse Adoptium"/>
    <property name="java.vm.version" value="11.0.16.1+1"/>
    <property name="sun.io.unicode.encoding" value="UnicodeLittle"/>
    <property name="java.class.version" value="55.0"/>
  </properties>
  <testcase name="verificarCadastroNulo" classname="br.udesc.SignUpTest" time="0"/>
</testsuite>